<?xml version="1.0" encoding="UTF-8"?>
<testng-results skipped="0" failed="0" ignored="0" total="1" passed="1">
  <reporter-output>
  </reporter-output>
  <suite name="Default suite" duration-ms="13094" started-at="2017-10-29T15:40:22Z" finished-at="2017-10-29T15:40:35Z">
    <groups>
    </groups>
    <test name="Default test" duration-ms="13094" started-at="2017-10-29T15:40:22Z" finished-at="2017-10-29T15:40:35Z">
      <class name="PracticeTest">
        <test-method status="PASS" signature="makeSureThatGoogleIsUp()[pri:0, instance:PracticeTest@42d80b78]" name="makeSureThatGoogleIsUp" duration-ms="12859" started-at="2017-10-29T15:40:22Z" finished-at="2017-10-29T15:40:35Z">
          <reporter-output>
          </reporter-output>
        </test-method> <!-- makeSureThatGoogleIsUp -->
      </class> <!-- PracticeTest -->
    </test> <!-- Default test -->
  </suite> <!-- Default suite -->
</testng-results>
